{"name": "Проверка валидации поля \"Адрес: куда привезти заказ\"", "status": "failed", "statusDetails": {"message": "AssertionError: Не отображена ошибка валидации\nassert '' == 'Введите корректный адрес'\n  - Введите корректный адрес", "trace": "self = <test_order_page.TestOrderPage object at 0x105128310>, browser = <selenium.webdriver.firefox.webdriver.WebDriver (session=\"99d1eae0-7ac9-4fbe-9778-5f3236bf7dab\")>\n\n    @allure.title('Проверка валидации поля \"Адрес: куда привезти заказ\"')\n    @allure.description('Поле \"Адрес: куда привезти заказ\" не заполнено')\n    def test_validate_error_by_input_delivery_address(self, browser):\n        order_page = OrderPage(browser)\n        order_page.open_order_url()\n        order_page.click_on_button_forward_for_validate_error()\n>       assert order_page.find_text(OrderPageLocators.VALIDATE_ERROR_DELIVERY_ADDRESS) == ExT.messege_validate_delivery_address,  'Не отображена ошибка валидации'\nE       AssertionError: Не отображена ошибка валидации\nE       assert '' == 'Введите корректный адрес'\nE         - Введите корректный адрес\n\ntests/test_order_page.py:44: AssertionError"}, "description": "Поле \"Адрес: куда привезти заказ\" не заполнено", "steps": [{"name": "Открыть страницу заказа", "status": "passed", "start": 1693176208430, "stop": 1693176208981}, {"name": "Нажать кнопку \"Далее\" без заполнения формы ", "status": "passed", "start": 1693176208981, "stop": 1693176209208}], "start": 1693176208429, "stop": 1693176209222, "uuid": "0fc0666a-9854-4148-8724-c3974072ba95", "historyId": "7786345a741afd701a896b84acf8253b", "testCaseId": "7786345a741afd701a896b84acf8253b", "fullName": "tests.test_order_page.TestOrderPage#test_validate_error_by_input_delivery_address", "labels": [{"name": "feature", "value": "Проверка страницы \"Для кого самокат\" "}, {"name": "parentSuite", "value": "tests"}, {"name": "suite", "value": "test_order_page"}, {"name": "subSuite", "value": "TestOrderPage"}, {"name": "host", "value": "MacBook-Air-Vadim.local"}, {"name": "thread", "value": "53548-MainThread"}, {"name": "framework", "value": "pytest"}, {"name": "language", "value": "cpython3"}, {"name": "package", "value": "tests.test_order_page"}]}